<?xml version="1.0" encoding="UTF-8"?>
<!-- Generated by org.testng.reporters.JUnitReportReporter -->
<testsuite skipped="0" hostname="mohammads-MBP.home" name="com.Amgen.qa.testcases.CardInformationPageTest" tests="2" failures="0" timestamp="2020-04-25T06:20:32 EDT" time="22.423" errors="0">
  <testcase name="ClickOnPg2RadioBtnTest" time="7.832" classname="com.Amgen.qa.testcases.CardInformationPageTest"/>
  <system-out/>
  <testcase name="clickContinuePge2BtnTest" time="14.591" classname="com.Amgen.qa.testcases.CardInformationPageTest"/>
  <system-out/>
</testsuite> <!-- com.Amgen.qa.testcases.CardInformationPageTest -->
