<?xml version="1.0" encoding="UTF-8"?>
<!-- Generated by org.testng.reporters.JUnitReportReporter -->
<testsuite skipped="0" hostname="mohammads-MBP.home" name="com.Amgen.qa.testcases.StandAlonePageTest" tests="2" failures="0" timestamp="2020-04-25T06:20:32 EDT" time="10.551" errors="0">
  <testcase name="verifyStandalonePageTitle" time="3.611" classname="com.Amgen.qa.testcases.StandAlonePageTest"/>
  <system-out/>
  <testcase name="clickOnGetStartedLinkTest" time="6.940" classname="com.Amgen.qa.testcases.StandAlonePageTest"/>
  <system-out/>
</testsuite> <!-- com.Amgen.qa.testcases.StandAlonePageTest -->
