<?xml version="1.0" encoding="UTF-8"?>
<!-- Generated by org.testng.reporters.JUnitReportReporter -->
<testsuite skipped="0" hostname="mohammads-MBP.home" name="com.Amgen.qa.testcases.EligibilityPageTerst" tests="1" failures="0" timestamp="2020-04-25T06:20:32 EDT" time="6.965" errors="0">
  <testcase name="clickOnRadioBtnQ1Test" time="6.965" classname="com.Amgen.qa.testcases.EligibilityPageTerst"/>
  <system-out/>
</testsuite> <!-- com.Amgen.qa.testcases.EligibilityPageTerst -->
