<?xml version="1.0" encoding="UTF-8"?>
<!-- Generated by org.testng.reporters.JUnitReportReporter -->
<testsuite skipped="0" hostname="mohammads-MBP.home" name="com.Amgen.qa.testcases.CardInformationPageTest" tests="2" failures="0" timestamp="2020-04-25T16:03:56 EDT" time="19.300" errors="0">
  <testcase name="ClickOnPg2RadioBtnTest" time="7.026" classname="com.Amgen.qa.testcases.CardInformationPageTest"/>
  <system-out/>
  <testcase name="clickContinuePge2BtnTest" time="12.274" classname="com.Amgen.qa.testcases.CardInformationPageTest"/>
  <system-out/>
</testsuite> <!-- com.Amgen.qa.testcases.CardInformationPageTest -->
