<?xml version="1.0" encoding="UTF-8"?>
<!-- Generated by org.testng.reporters.JUnitReportReporter -->
<testsuite skipped="0" hostname="mohammads-MBP.home" name="com.Amgen.qa.testcases.PhysicianInformationPageTest" tests="4" failures="0" timestamp="2020-05-01T00:27:02 EDT" time="65.380" errors="0">
  <testcase name="physicianInformationPageTest" time="15.667" classname="com.Amgen.qa.testcases.PhysicianInformationPageTest"/>
  <system-out/>
  <testcase name="physicianInformationPageTest" time="18.421" classname="com.Amgen.qa.testcases.PhysicianInformationPageTest"/>
  <system-out/>
  <testcase name="physicianInformationPageTest" time="16.075" classname="com.Amgen.qa.testcases.PhysicianInformationPageTest"/>
  <system-out/>
  <testcase name="physicianInformationPageTest" time="15.217" classname="com.Amgen.qa.testcases.PhysicianInformationPageTest"/>
  <system-out/>
</testsuite> <!-- com.Amgen.qa.testcases.PhysicianInformationPageTest -->
